D:\CODE\C#\MEAEXPLORERWV\FBXWRAPPER\FBXWRAPPER\RELEASE\FBXWRAPPER.PCH
D:\CODE\C#\MEAEXPLORERWV\FBXWRAPPER\FBXWRAPPER\RELEASE\STDAFX.OBJ
D:\CODE\C#\MEAEXPLORERWV\FBXWRAPPER\FBXWRAPPER\RELEASE\VC110.PDB
D:\CODE\C#\MEAEXPLORERWV\FBXWRAPPER\FBXWRAPPER\RELEASE\FBXWRAPPER.OBJ
D:\CODE\C#\MEAEXPLORERWV\FBXWRAPPER\FBXWRAPPER\RELEASE\FBXUTILS.OBJ
D:\CODE\C#\MEAEXPLORERWV\FBXWRAPPER\FBXWRAPPER\RELEASE\ASSEMBLYINFO.OBJ
D:\CODE\C#\MEAEXPLORERWV\FBXWRAPPER\FBXWRAPPER\RELEASE\.NETFRAMEWORK,VERSION=V4.5.ASSEMBLYATTRIBUTES.OBJ
D:\CODE\C#\MEAEXPLORERWV\FBXWRAPPER\RELEASE\FBXWRAPPER.DLL
D:\CODE\C#\MEAEXPLORERWV\FBXWRAPPER\RELEASE\FBXWRAPPER.PDB
D:\CODE\C#\MEAEXPLORERWV\FBXWRAPPER\FBXWRAPPER\RELEASE\APP.RES
D:\CODE\c#\MEAExplorerWV\FBXWrapper\FBXWrapper\Release\.NETFramework,Version=v4.5.AssemblyAttributes.obj
D:\CODE\c#\MEAExplorerWV\FBXWrapper\FBXWrapper\Release\AssemblyInfo.obj
D:\CODE\c#\MEAExplorerWV\FBXWrapper\FBXWrapper\Release\FBXUtils.obj
D:\CODE\c#\MEAExplorerWV\FBXWrapper\FBXWrapper\Release\FBXWrapper.obj
D:\CODE\c#\MEAExplorerWV\FBXWrapper\FBXWrapper\Release\Stdafx.obj
D:\CODE\c#\MEAExplorerWV\FBXWrapper\FBXWrapper\Release\cl.command.1.tlog
D:\CODE\c#\MEAExplorerWV\FBXWrapper\FBXWrapper\Release\CL.read.1.tlog
D:\CODE\c#\MEAExplorerWV\FBXWrapper\FBXWrapper\Release\CL.write.1.tlog
D:\CODE\c#\MEAExplorerWV\FBXWrapper\FBXWrapper\Release\link-cvtres.read.1.tlog
D:\CODE\c#\MEAExplorerWV\FBXWrapper\FBXWrapper\Release\link-cvtres.write.1.tlog
D:\CODE\c#\MEAExplorerWV\FBXWrapper\FBXWrapper\Release\link-rc.read.1.tlog
D:\CODE\c#\MEAExplorerWV\FBXWrapper\FBXWrapper\Release\link-rc.write.1.tlog
D:\CODE\c#\MEAExplorerWV\FBXWrapper\FBXWrapper\Release\link.command.1.tlog
D:\CODE\c#\MEAExplorerWV\FBXWrapper\FBXWrapper\Release\link.read.1.tlog
D:\CODE\c#\MEAExplorerWV\FBXWrapper\FBXWrapper\Release\link.write.1.tlog
D:\CODE\c#\MEAExplorerWV\FBXWrapper\FBXWrapper\Release\metagen.read.1.tlog
D:\CODE\c#\MEAExplorerWV\FBXWrapper\FBXWrapper\Release\metagen.write.1.tlog
D:\CODE\c#\MEAExplorerWV\FBXWrapper\FBXWrapper\Release\rc.command.1.tlog
D:\CODE\c#\MEAExplorerWV\FBXWrapper\FBXWrapper\Release\rc.read.1.tlog
D:\CODE\c#\MEAExplorerWV\FBXWrapper\FBXWrapper\Release\rc.write.1.tlog
D:\CODE\c#\MEAExplorerWV\FBXWrapper\FBXWrapper\Release\app.res
D:\CODE\c#\MEAExplorerWV\FBXWrapper\FBXWrapper\Release\FBXWrapper.pch
D:\CODE\c#\MEAExplorerWV\FBXWrapper\FBXWrapper\Release\vc110.pdb
D:\CODE\c#\MEAExplorerWV\FBXWrapper\FBXWrapper\Release\RSAENH.DLL.bi
D:\CODE\c#\MEAExplorerWV\FBXWrapper\FBXWrapper\Release\TZRES.DLL.bi
D:\CODE\c#\MEAExplorerWV\FBXWrapper\Release\FBXWrapper.pdb
D:\CODE\c#\MEAExplorerWV\FBXWrapper\Release\FBXWrapper.dll
